<?xml version="1.0" encoding="UTF-8"?>
<testng-results ignored="0" total="2" passed="2" failed="0" skipped="0">
  <reporter-output>
  </reporter-output>
  <suite started-at="2023-06-25T08:57:24 IST" name="Suite" finished-at="2023-06-25T08:57:37 IST" duration-ms="13244">
    <groups>
    </groups>
    <test started-at="2023-06-25T08:57:24 IST" name="Test" finished-at="2023-06-25T08:57:37 IST" duration-ms="13244">
      <class name="seleniumMaven.Maven_Script">
        <test-method signature="CheckLogin()[pri:0, instance:seleniumMaven.Maven_Script@7c83dc97]" started-at="2023-06-25T08:57:24 IST" name="CheckLogin" finished-at="2023-06-25T08:57:31 IST" duration-ms="6869" status="PASS">
          <reporter-output>
          </reporter-output>
        </test-method> <!-- CheckLogin -->
        <test-method signature="checkTitle()[pri:0, instance:seleniumMaven.Maven_Script@7c83dc97]" started-at="2023-06-25T08:57:31 IST" name="checkTitle" finished-at="2023-06-25T08:57:37 IST" duration-ms="6346" status="PASS">
          <reporter-output>
          </reporter-output>
        </test-method> <!-- checkTitle -->
      </class> <!-- seleniumMaven.Maven_Script -->
    </test> <!-- Test -->
  </suite> <!-- Suite -->
</testng-results>
