<?xml version="1.0" encoding="UTF-8"?>
<testng-results ignored="0" total="2" passed="2" failed="0" skipped="0">
  <reporter-output>
  </reporter-output>
  <suite started-at="2023-06-25T08:56:45 IST" name="Suite" finished-at="2023-06-25T08:57:03 IST" duration-ms="18222">
    <groups>
    </groups>
    <test started-at="2023-06-25T08:56:45 IST" name="Test" finished-at="2023-06-25T08:57:03 IST" duration-ms="18222">
      <class name="seleniumMaven.Maven_Script">
        <test-method signature="CheckLogin()[pri:0, instance:seleniumMaven.Maven_Script@7671cb68]" started-at="2023-06-25T08:56:45 IST" name="CheckLogin" finished-at="2023-06-25T08:56:56 IST" duration-ms="10736" status="PASS">
          <reporter-output>
          </reporter-output>
        </test-method> <!-- CheckLogin -->
        <test-method signature="checkTitle()[pri:0, instance:seleniumMaven.Maven_Script@7671cb68]" started-at="2023-06-25T08:56:56 IST" name="checkTitle" finished-at="2023-06-25T08:57:03 IST" duration-ms="7438" status="PASS">
          <reporter-output>
          </reporter-output>
        </test-method> <!-- checkTitle -->
      </class> <!-- seleniumMaven.Maven_Script -->
    </test> <!-- Test -->
  </suite> <!-- Suite -->
</testng-results>
